Terminals unused in grammar

   ERROR


State 24 conflicts: 1 shift/reduce
State 119 conflicts: 1 shift/reduce
State 148 conflicts: 1 shift/reduce
State 152 conflicts: 1 shift/reduce
State 153 conflicts: 1 shift/reduce
State 157 conflicts: 1 shift/reduce
State 178 conflicts: 1 shift/reduce
State 202 conflicts: 2 reduce/reduce
State 203 conflicts: 1 shift/reduce
State 204 conflicts: 1 shift/reduce
State 211 conflicts: 1 shift/reduce
State 217 conflicts: 1 shift/reduce
State 223 conflicts: 1 shift/reduce


Grammar

    0 $accept: program $end

    1 program: global_decl_list

    2 global_decl_list: global_decl_list global_decl
    3                 | %empty

    4 global_decl: decl_list function_decl
    5            | function_decl

    6 function_decl: type ID MK_LPAREN param_list MK_RPAREN MK_LBRACE block MK_RBRACE
    7              | type ID MK_LPAREN MK_RPAREN MK_LBRACE block MK_RBRACE
    8              | type ID MK_LPAREN param_list MK_RPAREN MK_SEMICOLON
    9              | type ID MK_LPAREN MK_RPAREN MK_SEMICOLON

   10 param_list: param_list MK_COMMA param
   11           | param

   12 param: type ID
   13      | struct_type ID
   14      | type ID dim_fn
   15      | struct_type ID dim_fn

   16 dim_fn: MK_LB expr_null MK_RB dimfn1

   17 dimfn1: MK_LB expr MK_RB dimfn1
   18       | %empty

   19 expr_null: expr
   20          | %empty

   21 block: decl_list stmt_list
   22      | stmt_list
   23      | decl_list
   24      | %empty

   25 decl_list: decl_list decl
   26          | decl

   27 decl: type_decl
   28     | var_decl

   29 type_decl: TYPEDEF type id_list MK_SEMICOLON
   30          | TYPEDEF VOID id_list MK_SEMICOLON
   31          | TYPEDEF struct_type id_list MK_SEMICOLON
   32          | struct_type MK_SEMICOLON

   33 var_decl: type init_id_list MK_SEMICOLON
   34         | struct_type id_list MK_SEMICOLON
   35         | ID id_list MK_SEMICOLON

   36 type: INT
   37     | FLOAT
   38     | VOID
   39     | error

   40 struct_type: STRUCT tag

   41 tag: ID MK_LBRACE decl_list MK_RBRACE
   42    | MK_LBRACE decl_list MK_RBRACE
   43    | ID MK_LBRACE MK_RBRACE
   44    | MK_LBRACE MK_RBRACE
   45    | ID

   46 id_list: ID
   47        | id_list MK_COMMA ID
   48        | id_list MK_COMMA ID dim_decl
   49        | ID dim_decl

   50 dim_decl: MK_LB cexpr MK_RB
   51         | dim_decl MK_LB cexpr MK_RB

   52 cexpr: cexpr add_op mcexpr
   53      | mcexpr

   54 mcexpr: mcexpr mul_op cfactor
   55       | cfactor

   56 cfactor: CONST
   57        | MK_LPAREN cexpr MK_RPAREN

   58 init_id_list: init_id
   59             | init_id_list MK_COMMA init_id

   60 init_id: ID
   61        | ID dim_decl
   62        | ID OP_ASSIGN relop_expr

   63 stmt_list: stmt_list stmt
   64          | stmt

   65 stmt: MK_LBRACE block MK_RBRACE
   66     | WHILE MK_LPAREN relop_expr_list MK_RPAREN stmt
   67     | FOR MK_LPAREN assign_expr_list MK_SEMICOLON relop_expr_list MK_SEMICOLON assign_expr_list MK_RPAREN stmt
   68     | IF MK_LPAREN relop_expr MK_RPAREN stmt ELSE stmt
   69     | IF MK_LPAREN relop_expr MK_RPAREN stmt
   70     | ID MK_LPAREN relop_expr_list MK_RPAREN
   71     | var_ref OP_ASSIGN relop_expr MK_SEMICOLON
   72     | relop_expr_list MK_SEMICOLON
   73     | MK_SEMICOLON
   74     | RETURN MK_SEMICOLON
   75     | RETURN relop_expr MK_SEMICOLON

   76 assign_expr_list: nonempty_assign_expr_list
   77                 | %empty

   78 nonempty_assign_expr_list: nonempty_assign_expr_list MK_COMMA assign_expr
   79                          | assign_expr

   80 assign_expr: ID OP_ASSIGN relop_expr
   81            | relop_expr

   82 relop_expr: relop_term
   83           | relop_expr OP_OR relop_term

   84 relop_term: relop_factor
   85           | relop_term OP_AND relop_factor

   86 relop_factor: expr
   87             | expr rel_op expr

   88 rel_op: OP_LT
   89       | OP_LE
   90       | OP_GT
   91       | OP_GE
   92       | OP_EQ
   93       | OP_NE

   94 relop_expr_list: nonempty_relop_expr_list
   95                | %empty

   96 nonempty_relop_expr_list: nonempty_relop_expr_list MK_COMMA relop_expr
   97                         | relop_expr

   98 expr: expr add_op term
   99     | term

  100 add_op: OP_PLUS
  101       | OP_MINUS

  102 term: term mul_op factor
  103     | factor

  104 mul_op: OP_TIMES
  105       | OP_DIVIDE

  106 factor: MK_LPAREN relop_expr MK_RPAREN
  107       | OP_NOT MK_LPAREN relop_expr MK_RPAREN
  108       | OP_MINUS MK_LPAREN relop_expr MK_RPAREN
  109       | CONST
  110       | OP_NOT CONST
  111       | OP_MINUS CONST
  112       | ID MK_LPAREN relop_expr_list MK_RPAREN
  113       | OP_NOT ID MK_LPAREN relop_expr_list MK_RPAREN
  114       | OP_MINUS ID MK_LPAREN relop_expr_list MK_RPAREN
  115       | var_ref
  116       | OP_NOT var_ref
  117       | OP_MINUS var_ref

  118 var_ref: ID
  119        | var_ref dim
  120        | var_ref struct_tail

  121 dim: MK_LB expr MK_RB

  122 struct_tail: MK_DOT ID


Terminals, with rules where they appear

$end (0) 0
error (256) 39
ID (258) 6 7 8 9 12 13 14 15 35 41 43 45 46 47 48 49 60 61 62 70 80
    112 113 114 118 122
CONST (259) 56 109 110 111
VOID (260) 30 38
INT (261) 36
FLOAT (262) 37
IF (263) 68 69
ELSE (264) 68
WHILE (265) 66
FOR (266) 67
STRUCT (267) 40
TYPEDEF (268) 29 30 31
OP_ASSIGN (269) 62 71 80
OP_OR (270) 83
OP_AND (271) 85
OP_NOT (272) 107 110 113 116
OP_EQ (273) 92
OP_NE (274) 93
OP_GT (275) 90
OP_LT (276) 88
OP_GE (277) 91
OP_LE (278) 89
OP_PLUS (279) 100
OP_MINUS (280) 101 108 111 114 117
OP_TIMES (281) 104
OP_DIVIDE (282) 105
MK_LB (283) 16 17 50 51 121
MK_RB (284) 16 17 50 51 121
MK_LPAREN (285) 6 7 8 9 57 66 67 68 69 70 106 107 108 112 113 114
MK_RPAREN (286) 6 7 8 9 57 66 67 68 69 70 106 107 108 112 113 114
MK_LBRACE (287) 6 7 41 42 43 44 65
MK_RBRACE (288) 6 7 41 42 43 44 65
MK_COMMA (289) 10 47 48 59 78 96
MK_SEMICOLON (290) 8 9 29 30 31 32 33 34 35 67 71 72 73 74 75
MK_DOT (291) 122
ERROR (292)
RETURN (293) 74 75


Nonterminals, with rules where they appear

$accept (39)
    on left: 0
program (40)
    on left: 1, on right: 0
global_decl_list (41)
    on left: 2 3, on right: 1 2
global_decl (42)
    on left: 4 5, on right: 2
function_decl (43)
    on left: 6 7 8 9, on right: 4 5
param_list (44)
    on left: 10 11, on right: 6 8 10
param (45)
    on left: 12 13 14 15, on right: 10 11
dim_fn (46)
    on left: 16, on right: 14 15
dimfn1 (47)
    on left: 17 18, on right: 16 17
expr_null (48)
    on left: 19 20, on right: 16
block (49)
    on left: 21 22 23 24, on right: 6 7 65
decl_list (50)
    on left: 25 26, on right: 4 21 23 25 41 42
decl (51)
    on left: 27 28, on right: 25 26
type_decl (52)
    on left: 29 30 31 32, on right: 27
var_decl (53)
    on left: 33 34 35, on right: 28
type (54)
    on left: 36 37 38 39, on right: 6 7 8 9 12 14 29 33
struct_type (55)
    on left: 40, on right: 13 15 31 32 34
tag (56)
    on left: 41 42 43 44 45, on right: 40
id_list (57)
    on left: 46 47 48 49, on right: 29 30 31 34 35 47 48
dim_decl (58)
    on left: 50 51, on right: 48 49 51 61
cexpr (59)
    on left: 52 53, on right: 50 51 52 57
mcexpr (60)
    on left: 54 55, on right: 52 53 54
cfactor (61)
    on left: 56 57, on right: 54 55
init_id_list (62)
    on left: 58 59, on right: 33 59
init_id (63)
    on left: 60 61 62, on right: 58 59
stmt_list (64)
    on left: 63 64, on right: 21 22 63
stmt (65)
    on left: 65 66 67 68 69 70 71 72 73 74 75, on right: 63 64 66 67
    68 69
assign_expr_list (66)
    on left: 76 77, on right: 67
nonempty_assign_expr_list (67)
    on left: 78 79, on right: 76 78
assign_expr (68)
    on left: 80 81, on right: 78 79
relop_expr (69)
    on left: 82 83, on right: 62 68 69 71 75 80 81 83 96 97 106 107
    108
relop_term (70)
    on left: 84 85, on right: 82 83 85
relop_factor (71)
    on left: 86 87, on right: 84 85
rel_op (72)
    on left: 88 89 90 91 92 93, on right: 87
relop_expr_list (73)
    on left: 94 95, on right: 66 67 70 72 112 113 114
nonempty_relop_expr_list (74)
    on left: 96 97, on right: 94 96
expr (75)
    on left: 98 99, on right: 17 19 86 87 98 121
add_op (76)
    on left: 100 101, on right: 52 98
term (77)
    on left: 102 103, on right: 98 99 102
mul_op (78)
    on left: 104 105, on right: 54 102
factor (79)
    on left: 106 107 108 109 110 111 112 113 114 115 116 117, on right:
    102 103
var_ref (80)
    on left: 118 119 120, on right: 71 115 116 117 119 120
dim (81)
    on left: 121, on right: 119
struct_tail (82)
    on left: 122, on right: 120


State 0

    0 $accept: . program $end

    $default  reduce using rule 3 (global_decl_list)

    program           go to state 1
    global_decl_list  go to state 2


State 1

    0 $accept: program . $end

    $end  shift, and go to state 3


State 2

    1 program: global_decl_list .
    2 global_decl_list: global_decl_list . global_decl

    error    shift, and go to state 4
    ID       shift, and go to state 5
    VOID     shift, and go to state 6
    INT      shift, and go to state 7
    FLOAT    shift, and go to state 8
    STRUCT   shift, and go to state 9
    TYPEDEF  shift, and go to state 10

    $end  reduce using rule 1 (program)

    global_decl    go to state 11
    function_decl  go to state 12
    decl_list      go to state 13
    decl           go to state 14
    type_decl      go to state 15
    var_decl       go to state 16
    type           go to state 17
    struct_type    go to state 18


State 3

    0 $accept: program $end .

    $default  accept


State 4

   39 type: error .

    $default  reduce using rule 39 (type)


State 5

   35 var_decl: ID . id_list MK_SEMICOLON

    ID  shift, and go to state 19

    id_list  go to state 20


State 6

   38 type: VOID .

    $default  reduce using rule 38 (type)


State 7

   36 type: INT .

    $default  reduce using rule 36 (type)


State 8

   37 type: FLOAT .

    $default  reduce using rule 37 (type)


State 9

   40 struct_type: STRUCT . tag

    ID         shift, and go to state 21
    MK_LBRACE  shift, and go to state 22

    tag  go to state 23


State 10

   29 type_decl: TYPEDEF . type id_list MK_SEMICOLON
   30          | TYPEDEF . VOID id_list MK_SEMICOLON
   31          | TYPEDEF . struct_type id_list MK_SEMICOLON

    error   shift, and go to state 4
    VOID    shift, and go to state 24
    INT     shift, and go to state 7
    FLOAT   shift, and go to state 8
    STRUCT  shift, and go to state 9

    type         go to state 25
    struct_type  go to state 26


State 11

    2 global_decl_list: global_decl_list global_decl .

    $default  reduce using rule 2 (global_decl_list)


State 12

    5 global_decl: function_decl .

    $default  reduce using rule 5 (global_decl)


State 13

    4 global_decl: decl_list . function_decl
   25 decl_list: decl_list . decl

    error    shift, and go to state 4
    ID       shift, and go to state 5
    VOID     shift, and go to state 6
    INT      shift, and go to state 7
    FLOAT    shift, and go to state 8
    STRUCT   shift, and go to state 9
    TYPEDEF  shift, and go to state 10

    function_decl  go to state 27
    decl           go to state 28
    type_decl      go to state 15
    var_decl       go to state 16
    type           go to state 17
    struct_type    go to state 18


State 14

   26 decl_list: decl .

    $default  reduce using rule 26 (decl_list)


State 15

   27 decl: type_decl .

    $default  reduce using rule 27 (decl)


State 16

   28 decl: var_decl .

    $default  reduce using rule 28 (decl)


State 17

    6 function_decl: type . ID MK_LPAREN param_list MK_RPAREN MK_LBRACE block MK_RBRACE
    7              | type . ID MK_LPAREN MK_RPAREN MK_LBRACE block MK_RBRACE
    8              | type . ID MK_LPAREN param_list MK_RPAREN MK_SEMICOLON
    9              | type . ID MK_LPAREN MK_RPAREN MK_SEMICOLON
   33 var_decl: type . init_id_list MK_SEMICOLON

    ID  shift, and go to state 29

    init_id_list  go to state 30
    init_id       go to state 31


State 18

   32 type_decl: struct_type . MK_SEMICOLON
   34 var_decl: struct_type . id_list MK_SEMICOLON

    ID            shift, and go to state 19
    MK_SEMICOLON  shift, and go to state 32

    id_list  go to state 33


State 19

   46 id_list: ID .
   49        | ID . dim_decl

    MK_LB  shift, and go to state 34

    $default  reduce using rule 46 (id_list)

    dim_decl  go to state 35


State 20

   35 var_decl: ID id_list . MK_SEMICOLON
   47 id_list: id_list . MK_COMMA ID
   48        | id_list . MK_COMMA ID dim_decl

    MK_COMMA      shift, and go to state 36
    MK_SEMICOLON  shift, and go to state 37


State 21

   41 tag: ID . MK_LBRACE decl_list MK_RBRACE
   43    | ID . MK_LBRACE MK_RBRACE
   45    | ID .

    MK_LBRACE  shift, and go to state 38

    $default  reduce using rule 45 (tag)


State 22

   42 tag: MK_LBRACE . decl_list MK_RBRACE
   44    | MK_LBRACE . MK_RBRACE

    error      shift, and go to state 4
    ID         shift, and go to state 5
    VOID       shift, and go to state 6
    INT        shift, and go to state 7
    FLOAT      shift, and go to state 8
    STRUCT     shift, and go to state 9
    TYPEDEF    shift, and go to state 10
    MK_RBRACE  shift, and go to state 39

    decl_list    go to state 40
    decl         go to state 14
    type_decl    go to state 15
    var_decl     go to state 16
    type         go to state 41
    struct_type  go to state 18


State 23

   40 struct_type: STRUCT tag .

    $default  reduce using rule 40 (struct_type)


State 24

   30 type_decl: TYPEDEF VOID . id_list MK_SEMICOLON
   38 type: VOID .

    ID  shift, and go to state 19

    ID  [reduce using rule 38 (type)]

    id_list  go to state 42


State 25

   29 type_decl: TYPEDEF type . id_list MK_SEMICOLON

    ID  shift, and go to state 19

    id_list  go to state 43


State 26

   31 type_decl: TYPEDEF struct_type . id_list MK_SEMICOLON

    ID  shift, and go to state 19

    id_list  go to state 44


State 27

    4 global_decl: decl_list function_decl .

    $default  reduce using rule 4 (global_decl)


State 28

   25 decl_list: decl_list decl .

    $default  reduce using rule 25 (decl_list)


State 29

    6 function_decl: type ID . MK_LPAREN param_list MK_RPAREN MK_LBRACE block MK_RBRACE
    7              | type ID . MK_LPAREN MK_RPAREN MK_LBRACE block MK_RBRACE
    8              | type ID . MK_LPAREN param_list MK_RPAREN MK_SEMICOLON
    9              | type ID . MK_LPAREN MK_RPAREN MK_SEMICOLON
   60 init_id: ID .
   61        | ID . dim_decl
   62        | ID . OP_ASSIGN relop_expr

    OP_ASSIGN  shift, and go to state 45
    MK_LB      shift, and go to state 34
    MK_LPAREN  shift, and go to state 46

    $default  reduce using rule 60 (init_id)

    dim_decl  go to state 47


State 30

   33 var_decl: type init_id_list . MK_SEMICOLON
   59 init_id_list: init_id_list . MK_COMMA init_id

    MK_COMMA      shift, and go to state 48
    MK_SEMICOLON  shift, and go to state 49


State 31

   58 init_id_list: init_id .

    $default  reduce using rule 58 (init_id_list)


State 32

   32 type_decl: struct_type MK_SEMICOLON .

    $default  reduce using rule 32 (type_decl)


State 33

   34 var_decl: struct_type id_list . MK_SEMICOLON
   47 id_list: id_list . MK_COMMA ID
   48        | id_list . MK_COMMA ID dim_decl

    MK_COMMA      shift, and go to state 36
    MK_SEMICOLON  shift, and go to state 50


State 34

   50 dim_decl: MK_LB . cexpr MK_RB

    CONST      shift, and go to state 51
    MK_LPAREN  shift, and go to state 52

    cexpr    go to state 53
    mcexpr   go to state 54
    cfactor  go to state 55


State 35

   49 id_list: ID dim_decl .
   51 dim_decl: dim_decl . MK_LB cexpr MK_RB

    MK_LB  shift, and go to state 56

    $default  reduce using rule 49 (id_list)


State 36

   47 id_list: id_list MK_COMMA . ID
   48        | id_list MK_COMMA . ID dim_decl

    ID  shift, and go to state 57


State 37

   35 var_decl: ID id_list MK_SEMICOLON .

    $default  reduce using rule 35 (var_decl)


State 38

   41 tag: ID MK_LBRACE . decl_list MK_RBRACE
   43    | ID MK_LBRACE . MK_RBRACE

    error      shift, and go to state 4
    ID         shift, and go to state 5
    VOID       shift, and go to state 6
    INT        shift, and go to state 7
    FLOAT      shift, and go to state 8
    STRUCT     shift, and go to state 9
    TYPEDEF    shift, and go to state 10
    MK_RBRACE  shift, and go to state 58

    decl_list    go to state 59
    decl         go to state 14
    type_decl    go to state 15
    var_decl     go to state 16
    type         go to state 41
    struct_type  go to state 18


State 39

   44 tag: MK_LBRACE MK_RBRACE .

    $default  reduce using rule 44 (tag)


State 40

   25 decl_list: decl_list . decl
   42 tag: MK_LBRACE decl_list . MK_RBRACE

    error      shift, and go to state 4
    ID         shift, and go to state 5
    VOID       shift, and go to state 6
    INT        shift, and go to state 7
    FLOAT      shift, and go to state 8
    STRUCT     shift, and go to state 9
    TYPEDEF    shift, and go to state 10
    MK_RBRACE  shift, and go to state 60

    decl         go to state 28
    type_decl    go to state 15
    var_decl     go to state 16
    type         go to state 41
    struct_type  go to state 18


State 41

   33 var_decl: type . init_id_list MK_SEMICOLON

    ID  shift, and go to state 61

    init_id_list  go to state 30
    init_id       go to state 31


State 42

   30 type_decl: TYPEDEF VOID id_list . MK_SEMICOLON
   47 id_list: id_list . MK_COMMA ID
   48        | id_list . MK_COMMA ID dim_decl

    MK_COMMA      shift, and go to state 36
    MK_SEMICOLON  shift, and go to state 62


State 43

   29 type_decl: TYPEDEF type id_list . MK_SEMICOLON
   47 id_list: id_list . MK_COMMA ID
   48        | id_list . MK_COMMA ID dim_decl

    MK_COMMA      shift, and go to state 36
    MK_SEMICOLON  shift, and go to state 63


State 44

   31 type_decl: TYPEDEF struct_type id_list . MK_SEMICOLON
   47 id_list: id_list . MK_COMMA ID
   48        | id_list . MK_COMMA ID dim_decl

    MK_COMMA      shift, and go to state 36
    MK_SEMICOLON  shift, and go to state 64


State 45

   62 init_id: ID OP_ASSIGN . relop_expr

    ID         shift, and go to state 65
    CONST      shift, and go to state 66
    OP_NOT     shift, and go to state 67
    OP_MINUS   shift, and go to state 68
    MK_LPAREN  shift, and go to state 69

    relop_expr    go to state 70
    relop_term    go to state 71
    relop_factor  go to state 72
    expr          go to state 73
    term          go to state 74
    factor        go to state 75
    var_ref       go to state 76


State 46

    6 function_decl: type ID MK_LPAREN . param_list MK_RPAREN MK_LBRACE block MK_RBRACE
    7              | type ID MK_LPAREN . MK_RPAREN MK_LBRACE block MK_RBRACE
    8              | type ID MK_LPAREN . param_list MK_RPAREN MK_SEMICOLON
    9              | type ID MK_LPAREN . MK_RPAREN MK_SEMICOLON

    error      shift, and go to state 4
    VOID       shift, and go to state 6
    INT        shift, and go to state 7
    FLOAT      shift, and go to state 8
    STRUCT     shift, and go to state 9
    MK_RPAREN  shift, and go to state 77

    param_list   go to state 78
    param        go to state 79
    type         go to state 80
    struct_type  go to state 81


State 47

   51 dim_decl: dim_decl . MK_LB cexpr MK_RB
   61 init_id: ID dim_decl .

    MK_LB  shift, and go to state 56

    $default  reduce using rule 61 (init_id)


State 48

   59 init_id_list: init_id_list MK_COMMA . init_id

    ID  shift, and go to state 61

    init_id  go to state 82


State 49

   33 var_decl: type init_id_list MK_SEMICOLON .

    $default  reduce using rule 33 (var_decl)


State 50

   34 var_decl: struct_type id_list MK_SEMICOLON .

    $default  reduce using rule 34 (var_decl)


State 51

   56 cfactor: CONST .

    $default  reduce using rule 56 (cfactor)


State 52

   57 cfactor: MK_LPAREN . cexpr MK_RPAREN

    CONST      shift, and go to state 51
    MK_LPAREN  shift, and go to state 52

    cexpr    go to state 83
    mcexpr   go to state 54
    cfactor  go to state 55


State 53

   50 dim_decl: MK_LB cexpr . MK_RB
   52 cexpr: cexpr . add_op mcexpr

    OP_PLUS   shift, and go to state 84
    OP_MINUS  shift, and go to state 85
    MK_RB     shift, and go to state 86

    add_op  go to state 87


State 54

   53 cexpr: mcexpr .
   54 mcexpr: mcexpr . mul_op cfactor

    OP_TIMES   shift, and go to state 88
    OP_DIVIDE  shift, and go to state 89

    $default  reduce using rule 53 (cexpr)

    mul_op  go to state 90


State 55

   55 mcexpr: cfactor .

    $default  reduce using rule 55 (mcexpr)


State 56

   51 dim_decl: dim_decl MK_LB . cexpr MK_RB

    CONST      shift, and go to state 51
    MK_LPAREN  shift, and go to state 52

    cexpr    go to state 91
    mcexpr   go to state 54
    cfactor  go to state 55


State 57

   47 id_list: id_list MK_COMMA ID .
   48        | id_list MK_COMMA ID . dim_decl

    MK_LB  shift, and go to state 34

    $default  reduce using rule 47 (id_list)

    dim_decl  go to state 92


State 58

   43 tag: ID MK_LBRACE MK_RBRACE .

    $default  reduce using rule 43 (tag)


State 59

   25 decl_list: decl_list . decl
   41 tag: ID MK_LBRACE decl_list . MK_RBRACE

    error      shift, and go to state 4
    ID         shift, and go to state 5
    VOID       shift, and go to state 6
    INT        shift, and go to state 7
    FLOAT      shift, and go to state 8
    STRUCT     shift, and go to state 9
    TYPEDEF    shift, and go to state 10
    MK_RBRACE  shift, and go to state 93

    decl         go to state 28
    type_decl    go to state 15
    var_decl     go to state 16
    type         go to state 41
    struct_type  go to state 18


State 60

   42 tag: MK_LBRACE decl_list MK_RBRACE .

    $default  reduce using rule 42 (tag)


State 61

   60 init_id: ID .
   61        | ID . dim_decl
   62        | ID . OP_ASSIGN relop_expr

    OP_ASSIGN  shift, and go to state 45
    MK_LB      shift, and go to state 34

    $default  reduce using rule 60 (init_id)

    dim_decl  go to state 47


State 62

   30 type_decl: TYPEDEF VOID id_list MK_SEMICOLON .

    $default  reduce using rule 30 (type_decl)


State 63

   29 type_decl: TYPEDEF type id_list MK_SEMICOLON .

    $default  reduce using rule 29 (type_decl)


State 64

   31 type_decl: TYPEDEF struct_type id_list MK_SEMICOLON .

    $default  reduce using rule 31 (type_decl)


State 65

  112 factor: ID . MK_LPAREN relop_expr_list MK_RPAREN
  118 var_ref: ID .

    MK_LPAREN  shift, and go to state 94

    $default  reduce using rule 118 (var_ref)


State 66

  109 factor: CONST .

    $default  reduce using rule 109 (factor)


State 67

  107 factor: OP_NOT . MK_LPAREN relop_expr MK_RPAREN
  110       | OP_NOT . CONST
  113       | OP_NOT . ID MK_LPAREN relop_expr_list MK_RPAREN
  116       | OP_NOT . var_ref

    ID         shift, and go to state 95
    CONST      shift, and go to state 96
    MK_LPAREN  shift, and go to state 97

    var_ref  go to state 98


State 68

  108 factor: OP_MINUS . MK_LPAREN relop_expr MK_RPAREN
  111       | OP_MINUS . CONST
  114       | OP_MINUS . ID MK_LPAREN relop_expr_list MK_RPAREN
  117       | OP_MINUS . var_ref

    ID         shift, and go to state 99
    CONST      shift, and go to state 100
    MK_LPAREN  shift, and go to state 101

    var_ref  go to state 102


State 69

  106 factor: MK_LPAREN . relop_expr MK_RPAREN

    ID         shift, and go to state 65
    CONST      shift, and go to state 66
    OP_NOT     shift, and go to state 67
    OP_MINUS   shift, and go to state 68
    MK_LPAREN  shift, and go to state 69

    relop_expr    go to state 103
    relop_term    go to state 71
    relop_factor  go to state 72
    expr          go to state 73
    term          go to state 74
    factor        go to state 75
    var_ref       go to state 76


State 70

   62 init_id: ID OP_ASSIGN relop_expr .
   83 relop_expr: relop_expr . OP_OR relop_term

    OP_OR  shift, and go to state 104

    $default  reduce using rule 62 (init_id)


State 71

   82 relop_expr: relop_term .
   85 relop_term: relop_term . OP_AND relop_factor

    OP_AND  shift, and go to state 105

    $default  reduce using rule 82 (relop_expr)


State 72

   84 relop_term: relop_factor .

    $default  reduce using rule 84 (relop_term)


State 73

   86 relop_factor: expr .
   87             | expr . rel_op expr
   98 expr: expr . add_op term

    OP_EQ     shift, and go to state 106
    OP_NE     shift, and go to state 107
    OP_GT     shift, and go to state 108
    OP_LT     shift, and go to state 109
    OP_GE     shift, and go to state 110
    OP_LE     shift, and go to state 111
    OP_PLUS   shift, and go to state 84
    OP_MINUS  shift, and go to state 85

    $default  reduce using rule 86 (relop_factor)

    rel_op  go to state 112
    add_op  go to state 113


State 74

   99 expr: term .
  102 term: term . mul_op factor

    OP_TIMES   shift, and go to state 88
    OP_DIVIDE  shift, and go to state 89

    $default  reduce using rule 99 (expr)

    mul_op  go to state 114


State 75

  103 term: factor .

    $default  reduce using rule 103 (term)


State 76

  115 factor: var_ref .
  119 var_ref: var_ref . dim
  120        | var_ref . struct_tail

    MK_LB   shift, and go to state 115
    MK_DOT  shift, and go to state 116

    $default  reduce using rule 115 (factor)

    dim          go to state 117
    struct_tail  go to state 118


State 77

    7 function_decl: type ID MK_LPAREN MK_RPAREN . MK_LBRACE block MK_RBRACE
    9              | type ID MK_LPAREN MK_RPAREN . MK_SEMICOLON

    MK_LBRACE     shift, and go to state 119
    MK_SEMICOLON  shift, and go to state 120


State 78

    6 function_decl: type ID MK_LPAREN param_list . MK_RPAREN MK_LBRACE block MK_RBRACE
    8              | type ID MK_LPAREN param_list . MK_RPAREN MK_SEMICOLON
   10 param_list: param_list . MK_COMMA param

    MK_RPAREN  shift, and go to state 121
    MK_COMMA   shift, and go to state 122


State 79

   11 param_list: param .

    $default  reduce using rule 11 (param_list)


State 80

   12 param: type . ID
   14      | type . ID dim_fn

    ID  shift, and go to state 123


State 81

   13 param: struct_type . ID
   15      | struct_type . ID dim_fn

    ID  shift, and go to state 124


State 82

   59 init_id_list: init_id_list MK_COMMA init_id .

    $default  reduce using rule 59 (init_id_list)


State 83

   52 cexpr: cexpr . add_op mcexpr
   57 cfactor: MK_LPAREN cexpr . MK_RPAREN

    OP_PLUS    shift, and go to state 84
    OP_MINUS   shift, and go to state 85
    MK_RPAREN  shift, and go to state 125

    add_op  go to state 87


State 84

  100 add_op: OP_PLUS .

    $default  reduce using rule 100 (add_op)


State 85

  101 add_op: OP_MINUS .

    $default  reduce using rule 101 (add_op)


State 86

   50 dim_decl: MK_LB cexpr MK_RB .

    $default  reduce using rule 50 (dim_decl)


State 87

   52 cexpr: cexpr add_op . mcexpr

    CONST      shift, and go to state 51
    MK_LPAREN  shift, and go to state 52

    mcexpr   go to state 126
    cfactor  go to state 55


State 88

  104 mul_op: OP_TIMES .

    $default  reduce using rule 104 (mul_op)


State 89

  105 mul_op: OP_DIVIDE .

    $default  reduce using rule 105 (mul_op)


State 90

   54 mcexpr: mcexpr mul_op . cfactor

    CONST      shift, and go to state 51
    MK_LPAREN  shift, and go to state 52

    cfactor  go to state 127


State 91

   51 dim_decl: dim_decl MK_LB cexpr . MK_RB
   52 cexpr: cexpr . add_op mcexpr

    OP_PLUS   shift, and go to state 84
    OP_MINUS  shift, and go to state 85
    MK_RB     shift, and go to state 128

    add_op  go to state 87


State 92

   48 id_list: id_list MK_COMMA ID dim_decl .
   51 dim_decl: dim_decl . MK_LB cexpr MK_RB

    MK_LB  shift, and go to state 56

    $default  reduce using rule 48 (id_list)


State 93

   41 tag: ID MK_LBRACE decl_list MK_RBRACE .

    $default  reduce using rule 41 (tag)


State 94

  112 factor: ID MK_LPAREN . relop_expr_list MK_RPAREN

    ID         shift, and go to state 65
    CONST      shift, and go to state 66
    OP_NOT     shift, and go to state 67
    OP_MINUS   shift, and go to state 68
    MK_LPAREN  shift, and go to state 69

    $default  reduce using rule 95 (relop_expr_list)

    relop_expr                go to state 129
    relop_term                go to state 71
    relop_factor              go to state 72
    relop_expr_list           go to state 130
    nonempty_relop_expr_list  go to state 131
    expr                      go to state 73
    term                      go to state 74
    factor                    go to state 75
    var_ref                   go to state 76


State 95

  113 factor: OP_NOT ID . MK_LPAREN relop_expr_list MK_RPAREN
  118 var_ref: ID .

    MK_LPAREN  shift, and go to state 132

    $default  reduce using rule 118 (var_ref)


State 96

  110 factor: OP_NOT CONST .

    $default  reduce using rule 110 (factor)


State 97

  107 factor: OP_NOT MK_LPAREN . relop_expr MK_RPAREN

    ID         shift, and go to state 65
    CONST      shift, and go to state 66
    OP_NOT     shift, and go to state 67
    OP_MINUS   shift, and go to state 68
    MK_LPAREN  shift, and go to state 69

    relop_expr    go to state 133
    relop_term    go to state 71
    relop_factor  go to state 72
    expr          go to state 73
    term          go to state 74
    factor        go to state 75
    var_ref       go to state 76


State 98

  116 factor: OP_NOT var_ref .
  119 var_ref: var_ref . dim
  120        | var_ref . struct_tail

    MK_LB   shift, and go to state 115
    MK_DOT  shift, and go to state 116

    $default  reduce using rule 116 (factor)

    dim          go to state 117
    struct_tail  go to state 118


State 99

  114 factor: OP_MINUS ID . MK_LPAREN relop_expr_list MK_RPAREN
  118 var_ref: ID .

    MK_LPAREN  shift, and go to state 134

    $default  reduce using rule 118 (var_ref)


State 100

  111 factor: OP_MINUS CONST .

    $default  reduce using rule 111 (factor)


State 101

  108 factor: OP_MINUS MK_LPAREN . relop_expr MK_RPAREN

    ID         shift, and go to state 65
    CONST      shift, and go to state 66
    OP_NOT     shift, and go to state 67
    OP_MINUS   shift, and go to state 68
    MK_LPAREN  shift, and go to state 69

    relop_expr    go to state 135
    relop_term    go to state 71
    relop_factor  go to state 72
    expr          go to state 73
    term          go to state 74
    factor        go to state 75
    var_ref       go to state 76


State 102

  117 factor: OP_MINUS var_ref .
  119 var_ref: var_ref . dim
  120        | var_ref . struct_tail

    MK_LB   shift, and go to state 115
    MK_DOT  shift, and go to state 116

    $default  reduce using rule 117 (factor)

    dim          go to state 117
    struct_tail  go to state 118


State 103

   83 relop_expr: relop_expr . OP_OR relop_term
  106 factor: MK_LPAREN relop_expr . MK_RPAREN

    OP_OR      shift, and go to state 104
    MK_RPAREN  shift, and go to state 136


State 104

   83 relop_expr: relop_expr OP_OR . relop_term

    ID         shift, and go to state 65
    CONST      shift, and go to state 66
    OP_NOT     shift, and go to state 67
    OP_MINUS   shift, and go to state 68
    MK_LPAREN  shift, and go to state 69

    relop_term    go to state 137
    relop_factor  go to state 72
    expr          go to state 73
    term          go to state 74
    factor        go to state 75
    var_ref       go to state 76


State 105

   85 relop_term: relop_term OP_AND . relop_factor

    ID         shift, and go to state 65
    CONST      shift, and go to state 66
    OP_NOT     shift, and go to state 67
    OP_MINUS   shift, and go to state 68
    MK_LPAREN  shift, and go to state 69

    relop_factor  go to state 138
    expr          go to state 73
    term          go to state 74
    factor        go to state 75
    var_ref       go to state 76


State 106

   92 rel_op: OP_EQ .

    $default  reduce using rule 92 (rel_op)


State 107

   93 rel_op: OP_NE .

    $default  reduce using rule 93 (rel_op)


State 108

   90 rel_op: OP_GT .

    $default  reduce using rule 90 (rel_op)


State 109

   88 rel_op: OP_LT .

    $default  reduce using rule 88 (rel_op)


State 110

   91 rel_op: OP_GE .

    $default  reduce using rule 91 (rel_op)


State 111

   89 rel_op: OP_LE .

    $default  reduce using rule 89 (rel_op)


State 112

   87 relop_factor: expr rel_op . expr

    ID         shift, and go to state 65
    CONST      shift, and go to state 66
    OP_NOT     shift, and go to state 67
    OP_MINUS   shift, and go to state 68
    MK_LPAREN  shift, and go to state 69

    expr     go to state 139
    term     go to state 74
    factor   go to state 75
    var_ref  go to state 76


State 113

   98 expr: expr add_op . term

    ID         shift, and go to state 65
    CONST      shift, and go to state 66
    OP_NOT     shift, and go to state 67
    OP_MINUS   shift, and go to state 68
    MK_LPAREN  shift, and go to state 69

    term     go to state 140
    factor   go to state 75
    var_ref  go to state 76


State 114

  102 term: term mul_op . factor

    ID         shift, and go to state 65
    CONST      shift, and go to state 66
    OP_NOT     shift, and go to state 67
    OP_MINUS   shift, and go to state 68
    MK_LPAREN  shift, and go to state 69

    factor   go to state 141
    var_ref  go to state 76


State 115

  121 dim: MK_LB . expr MK_RB

    ID         shift, and go to state 65
    CONST      shift, and go to state 66
    OP_NOT     shift, and go to state 67
    OP_MINUS   shift, and go to state 68
    MK_LPAREN  shift, and go to state 69

    expr     go to state 142
    term     go to state 74
    factor   go to state 75
    var_ref  go to state 76


State 116

  122 struct_tail: MK_DOT . ID

    ID  shift, and go to state 143


State 117

  119 var_ref: var_ref dim .

    $default  reduce using rule 119 (var_ref)


State 118

  120 var_ref: var_ref struct_tail .

    $default  reduce using rule 120 (var_ref)


State 119

    7 function_decl: type ID MK_LPAREN MK_RPAREN MK_LBRACE . block MK_RBRACE

    error         shift, and go to state 4
    ID            shift, and go to state 144
    CONST         shift, and go to state 66
    VOID          shift, and go to state 6
    INT           shift, and go to state 7
    FLOAT         shift, and go to state 8
    IF            shift, and go to state 145
    WHILE         shift, and go to state 146
    FOR           shift, and go to state 147
    STRUCT        shift, and go to state 9
    TYPEDEF       shift, and go to state 10
    OP_NOT        shift, and go to state 67
    OP_MINUS      shift, and go to state 68
    MK_LPAREN     shift, and go to state 69
    MK_LBRACE     shift, and go to state 148
    MK_SEMICOLON  shift, and go to state 149
    RETURN        shift, and go to state 150

    MK_RBRACE     reduce using rule 24 (block)
    MK_SEMICOLON  [reduce using rule 95 (relop_expr_list)]

    block                     go to state 151
    decl_list                 go to state 152
    decl                      go to state 14
    type_decl                 go to state 15
    var_decl                  go to state 16
    type                      go to state 41
    struct_type               go to state 18
    stmt_list                 go to state 153
    stmt                      go to state 154
    relop_expr                go to state 129
    relop_term                go to state 71
    relop_factor              go to state 72
    relop_expr_list           go to state 155
    nonempty_relop_expr_list  go to state 131
    expr                      go to state 73
    term                      go to state 74
    factor                    go to state 75
    var_ref                   go to state 156


State 120

    9 function_decl: type ID MK_LPAREN MK_RPAREN MK_SEMICOLON .

    $default  reduce using rule 9 (function_decl)


State 121

    6 function_decl: type ID MK_LPAREN param_list MK_RPAREN . MK_LBRACE block MK_RBRACE
    8              | type ID MK_LPAREN param_list MK_RPAREN . MK_SEMICOLON

    MK_LBRACE     shift, and go to state 157
    MK_SEMICOLON  shift, and go to state 158


State 122

   10 param_list: param_list MK_COMMA . param

    error   shift, and go to state 4
    VOID    shift, and go to state 6
    INT     shift, and go to state 7
    FLOAT   shift, and go to state 8
    STRUCT  shift, and go to state 9

    param        go to state 159
    type         go to state 80
    struct_type  go to state 81


State 123

   12 param: type ID .
   14      | type ID . dim_fn

    MK_LB  shift, and go to state 160

    $default  reduce using rule 12 (param)

    dim_fn  go to state 161


State 124

   13 param: struct_type ID .
   15      | struct_type ID . dim_fn

    MK_LB  shift, and go to state 160

    $default  reduce using rule 13 (param)

    dim_fn  go to state 162


State 125

   57 cfactor: MK_LPAREN cexpr MK_RPAREN .

    $default  reduce using rule 57 (cfactor)


State 126

   52 cexpr: cexpr add_op mcexpr .
   54 mcexpr: mcexpr . mul_op cfactor

    OP_TIMES   shift, and go to state 88
    OP_DIVIDE  shift, and go to state 89

    $default  reduce using rule 52 (cexpr)

    mul_op  go to state 90


State 127

   54 mcexpr: mcexpr mul_op cfactor .

    $default  reduce using rule 54 (mcexpr)


State 128

   51 dim_decl: dim_decl MK_LB cexpr MK_RB .

    $default  reduce using rule 51 (dim_decl)


State 129

   83 relop_expr: relop_expr . OP_OR relop_term
   97 nonempty_relop_expr_list: relop_expr .

    OP_OR  shift, and go to state 104

    $default  reduce using rule 97 (nonempty_relop_expr_list)


State 130

  112 factor: ID MK_LPAREN relop_expr_list . MK_RPAREN

    MK_RPAREN  shift, and go to state 163


State 131

   94 relop_expr_list: nonempty_relop_expr_list .
   96 nonempty_relop_expr_list: nonempty_relop_expr_list . MK_COMMA relop_expr

    MK_COMMA  shift, and go to state 164

    $default  reduce using rule 94 (relop_expr_list)


State 132

  113 factor: OP_NOT ID MK_LPAREN . relop_expr_list MK_RPAREN

    ID         shift, and go to state 65
    CONST      shift, and go to state 66
    OP_NOT     shift, and go to state 67
    OP_MINUS   shift, and go to state 68
    MK_LPAREN  shift, and go to state 69

    $default  reduce using rule 95 (relop_expr_list)

    relop_expr                go to state 129
    relop_term                go to state 71
    relop_factor              go to state 72
    relop_expr_list           go to state 165
    nonempty_relop_expr_list  go to state 131
    expr                      go to state 73
    term                      go to state 74
    factor                    go to state 75
    var_ref                   go to state 76


State 133

   83 relop_expr: relop_expr . OP_OR relop_term
  107 factor: OP_NOT MK_LPAREN relop_expr . MK_RPAREN

    OP_OR      shift, and go to state 104
    MK_RPAREN  shift, and go to state 166


State 134

  114 factor: OP_MINUS ID MK_LPAREN . relop_expr_list MK_RPAREN

    ID         shift, and go to state 65
    CONST      shift, and go to state 66
    OP_NOT     shift, and go to state 67
    OP_MINUS   shift, and go to state 68
    MK_LPAREN  shift, and go to state 69

    $default  reduce using rule 95 (relop_expr_list)

    relop_expr                go to state 129
    relop_term                go to state 71
    relop_factor              go to state 72
    relop_expr_list           go to state 167
    nonempty_relop_expr_list  go to state 131
    expr                      go to state 73
    term                      go to state 74
    factor                    go to state 75
    var_ref                   go to state 76


State 135

   83 relop_expr: relop_expr . OP_OR relop_term
  108 factor: OP_MINUS MK_LPAREN relop_expr . MK_RPAREN

    OP_OR      shift, and go to state 104
    MK_RPAREN  shift, and go to state 168


State 136

  106 factor: MK_LPAREN relop_expr MK_RPAREN .

    $default  reduce using rule 106 (factor)


State 137

   83 relop_expr: relop_expr OP_OR relop_term .
   85 relop_term: relop_term . OP_AND relop_factor

    OP_AND  shift, and go to state 105

    $default  reduce using rule 83 (relop_expr)


State 138

   85 relop_term: relop_term OP_AND relop_factor .

    $default  reduce using rule 85 (relop_term)


State 139

   87 relop_factor: expr rel_op expr .
   98 expr: expr . add_op term

    OP_PLUS   shift, and go to state 84
    OP_MINUS  shift, and go to state 85

    $default  reduce using rule 87 (relop_factor)

    add_op  go to state 113


State 140

   98 expr: expr add_op term .
  102 term: term . mul_op factor

    OP_TIMES   shift, and go to state 88
    OP_DIVIDE  shift, and go to state 89

    $default  reduce using rule 98 (expr)

    mul_op  go to state 114


State 141

  102 term: term mul_op factor .

    $default  reduce using rule 102 (term)


State 142

   98 expr: expr . add_op term
  121 dim: MK_LB expr . MK_RB

    OP_PLUS   shift, and go to state 84
    OP_MINUS  shift, and go to state 85
    MK_RB     shift, and go to state 169

    add_op  go to state 113


State 143

  122 struct_tail: MK_DOT ID .

    $default  reduce using rule 122 (struct_tail)


State 144

   35 var_decl: ID . id_list MK_SEMICOLON
   70 stmt: ID . MK_LPAREN relop_expr_list MK_RPAREN
  112 factor: ID . MK_LPAREN relop_expr_list MK_RPAREN
  118 var_ref: ID .

    ID         shift, and go to state 19
    MK_LPAREN  shift, and go to state 170

    $default  reduce using rule 118 (var_ref)

    id_list  go to state 20


State 145

   68 stmt: IF . MK_LPAREN relop_expr MK_RPAREN stmt ELSE stmt
   69     | IF . MK_LPAREN relop_expr MK_RPAREN stmt

    MK_LPAREN  shift, and go to state 171


State 146

   66 stmt: WHILE . MK_LPAREN relop_expr_list MK_RPAREN stmt

    MK_LPAREN  shift, and go to state 172


State 147

   67 stmt: FOR . MK_LPAREN assign_expr_list MK_SEMICOLON relop_expr_list MK_SEMICOLON assign_expr_list MK_RPAREN stmt

    MK_LPAREN  shift, and go to state 173


State 148

   65 stmt: MK_LBRACE . block MK_RBRACE

    error         shift, and go to state 4
    ID            shift, and go to state 144
    CONST         shift, and go to state 66
    VOID          shift, and go to state 6
    INT           shift, and go to state 7
    FLOAT         shift, and go to state 8
    IF            shift, and go to state 145
    WHILE         shift, and go to state 146
    FOR           shift, and go to state 147
    STRUCT        shift, and go to state 9
    TYPEDEF       shift, and go to state 10
    OP_NOT        shift, and go to state 67
    OP_MINUS      shift, and go to state 68
    MK_LPAREN     shift, and go to state 69
    MK_LBRACE     shift, and go to state 148
    MK_SEMICOLON  shift, and go to state 149
    RETURN        shift, and go to state 150

    MK_RBRACE     reduce using rule 24 (block)
    MK_SEMICOLON  [reduce using rule 95 (relop_expr_list)]

    block                     go to state 174
    decl_list                 go to state 152
    decl                      go to state 14
    type_decl                 go to state 15
    var_decl                  go to state 16
    type                      go to state 41
    struct_type               go to state 18
    stmt_list                 go to state 153
    stmt                      go to state 154
    relop_expr                go to state 129
    relop_term                go to state 71
    relop_factor              go to state 72
    relop_expr_list           go to state 155
    nonempty_relop_expr_list  go to state 131
    expr                      go to state 73
    term                      go to state 74
    factor                    go to state 75
    var_ref                   go to state 156


State 149

   73 stmt: MK_SEMICOLON .

    $default  reduce using rule 73 (stmt)


State 150

   74 stmt: RETURN . MK_SEMICOLON
   75     | RETURN . relop_expr MK_SEMICOLON

    ID            shift, and go to state 65
    CONST         shift, and go to state 66
    OP_NOT        shift, and go to state 67
    OP_MINUS      shift, and go to state 68
    MK_LPAREN     shift, and go to state 69
    MK_SEMICOLON  shift, and go to state 175

    relop_expr    go to state 176
    relop_term    go to state 71
    relop_factor  go to state 72
    expr          go to state 73
    term          go to state 74
    factor        go to state 75
    var_ref       go to state 76


State 151

    7 function_decl: type ID MK_LPAREN MK_RPAREN MK_LBRACE block . MK_RBRACE

    MK_RBRACE  shift, and go to state 177


State 152

   21 block: decl_list . stmt_list
   23      | decl_list .
   25 decl_list: decl_list . decl

    error         shift, and go to state 4
    ID            shift, and go to state 144
    CONST         shift, and go to state 66
    VOID          shift, and go to state 6
    INT           shift, and go to state 7
    FLOAT         shift, and go to state 8
    IF            shift, and go to state 145
    WHILE         shift, and go to state 146
    FOR           shift, and go to state 147
    STRUCT        shift, and go to state 9
    TYPEDEF       shift, and go to state 10
    OP_NOT        shift, and go to state 67
    OP_MINUS      shift, and go to state 68
    MK_LPAREN     shift, and go to state 69
    MK_LBRACE     shift, and go to state 148
    MK_SEMICOLON  shift, and go to state 149
    RETURN        shift, and go to state 150

    MK_RBRACE     reduce using rule 23 (block)
    MK_SEMICOLON  [reduce using rule 95 (relop_expr_list)]

    decl                      go to state 28
    type_decl                 go to state 15
    var_decl                  go to state 16
    type                      go to state 41
    struct_type               go to state 18
    stmt_list                 go to state 178
    stmt                      go to state 154
    relop_expr                go to state 129
    relop_term                go to state 71
    relop_factor              go to state 72
    relop_expr_list           go to state 155
    nonempty_relop_expr_list  go to state 131
    expr                      go to state 73
    term                      go to state 74
    factor                    go to state 75
    var_ref                   go to state 156


State 153

   22 block: stmt_list .
   63 stmt_list: stmt_list . stmt

    ID            shift, and go to state 179
    CONST         shift, and go to state 66
    IF            shift, and go to state 145
    WHILE         shift, and go to state 146
    FOR           shift, and go to state 147
    OP_NOT        shift, and go to state 67
    OP_MINUS      shift, and go to state 68
    MK_LPAREN     shift, and go to state 69
    MK_LBRACE     shift, and go to state 148
    MK_SEMICOLON  shift, and go to state 149
    RETURN        shift, and go to state 150

    MK_SEMICOLON  [reduce using rule 95 (relop_expr_list)]
    $default      reduce using rule 22 (block)

    stmt                      go to state 180
    relop_expr                go to state 129
    relop_term                go to state 71
    relop_factor              go to state 72
    relop_expr_list           go to state 155
    nonempty_relop_expr_list  go to state 131
    expr                      go to state 73
    term                      go to state 74
    factor                    go to state 75
    var_ref                   go to state 156


State 154

   64 stmt_list: stmt .

    $default  reduce using rule 64 (stmt_list)


State 155

   72 stmt: relop_expr_list . MK_SEMICOLON

    MK_SEMICOLON  shift, and go to state 181


State 156

   71 stmt: var_ref . OP_ASSIGN relop_expr MK_SEMICOLON
  115 factor: var_ref .
  119 var_ref: var_ref . dim
  120        | var_ref . struct_tail

    OP_ASSIGN  shift, and go to state 182
    MK_LB      shift, and go to state 115
    MK_DOT     shift, and go to state 116

    $default  reduce using rule 115 (factor)

    dim          go to state 117
    struct_tail  go to state 118


State 157

    6 function_decl: type ID MK_LPAREN param_list MK_RPAREN MK_LBRACE . block MK_RBRACE

    error         shift, and go to state 4
    ID            shift, and go to state 144
    CONST         shift, and go to state 66
    VOID          shift, and go to state 6
    INT           shift, and go to state 7
    FLOAT         shift, and go to state 8
    IF            shift, and go to state 145
    WHILE         shift, and go to state 146
    FOR           shift, and go to state 147
    STRUCT        shift, and go to state 9
    TYPEDEF       shift, and go to state 10
    OP_NOT        shift, and go to state 67
    OP_MINUS      shift, and go to state 68
    MK_LPAREN     shift, and go to state 69
    MK_LBRACE     shift, and go to state 148
    MK_SEMICOLON  shift, and go to state 149
    RETURN        shift, and go to state 150

    MK_RBRACE     reduce using rule 24 (block)
    MK_SEMICOLON  [reduce using rule 95 (relop_expr_list)]

    block                     go to state 183
    decl_list                 go to state 152
    decl                      go to state 14
    type_decl                 go to state 15
    var_decl                  go to state 16
    type                      go to state 41
    struct_type               go to state 18
    stmt_list                 go to state 153
    stmt                      go to state 154
    relop_expr                go to state 129
    relop_term                go to state 71
    relop_factor              go to state 72
    relop_expr_list           go to state 155
    nonempty_relop_expr_list  go to state 131
    expr                      go to state 73
    term                      go to state 74
    factor                    go to state 75
    var_ref                   go to state 156


State 158

    8 function_decl: type ID MK_LPAREN param_list MK_RPAREN MK_SEMICOLON .

    $default  reduce using rule 8 (function_decl)


State 159

   10 param_list: param_list MK_COMMA param .

    $default  reduce using rule 10 (param_list)


State 160

   16 dim_fn: MK_LB . expr_null MK_RB dimfn1

    ID         shift, and go to state 65
    CONST      shift, and go to state 66
    OP_NOT     shift, and go to state 67
    OP_MINUS   shift, and go to state 68
    MK_LPAREN  shift, and go to state 69

    $default  reduce using rule 20 (expr_null)

    expr_null  go to state 184
    expr       go to state 185
    term       go to state 74
    factor     go to state 75
    var_ref    go to state 76


State 161

   14 param: type ID dim_fn .

    $default  reduce using rule 14 (param)


State 162

   15 param: struct_type ID dim_fn .

    $default  reduce using rule 15 (param)


State 163

  112 factor: ID MK_LPAREN relop_expr_list MK_RPAREN .

    $default  reduce using rule 112 (factor)


State 164

   96 nonempty_relop_expr_list: nonempty_relop_expr_list MK_COMMA . relop_expr

    ID         shift, and go to state 65
    CONST      shift, and go to state 66
    OP_NOT     shift, and go to state 67
    OP_MINUS   shift, and go to state 68
    MK_LPAREN  shift, and go to state 69

    relop_expr    go to state 186
    relop_term    go to state 71
    relop_factor  go to state 72
    expr          go to state 73
    term          go to state 74
    factor        go to state 75
    var_ref       go to state 76


State 165

  113 factor: OP_NOT ID MK_LPAREN relop_expr_list . MK_RPAREN

    MK_RPAREN  shift, and go to state 187


State 166

  107 factor: OP_NOT MK_LPAREN relop_expr MK_RPAREN .

    $default  reduce using rule 107 (factor)


State 167

  114 factor: OP_MINUS ID MK_LPAREN relop_expr_list . MK_RPAREN

    MK_RPAREN  shift, and go to state 188


State 168

  108 factor: OP_MINUS MK_LPAREN relop_expr MK_RPAREN .

    $default  reduce using rule 108 (factor)


State 169

  121 dim: MK_LB expr MK_RB .

    $default  reduce using rule 121 (dim)


State 170

   70 stmt: ID MK_LPAREN . relop_expr_list MK_RPAREN
  112 factor: ID MK_LPAREN . relop_expr_list MK_RPAREN

    ID         shift, and go to state 65
    CONST      shift, and go to state 66
    OP_NOT     shift, and go to state 67
    OP_MINUS   shift, and go to state 68
    MK_LPAREN  shift, and go to state 69

    $default  reduce using rule 95 (relop_expr_list)

    relop_expr                go to state 129
    relop_term                go to state 71
    relop_factor              go to state 72
    relop_expr_list           go to state 189
    nonempty_relop_expr_list  go to state 131
    expr                      go to state 73
    term                      go to state 74
    factor                    go to state 75
    var_ref                   go to state 76


State 171

   68 stmt: IF MK_LPAREN . relop_expr MK_RPAREN stmt ELSE stmt
   69     | IF MK_LPAREN . relop_expr MK_RPAREN stmt

    ID         shift, and go to state 65
    CONST      shift, and go to state 66
    OP_NOT     shift, and go to state 67
    OP_MINUS   shift, and go to state 68
    MK_LPAREN  shift, and go to state 69

    relop_expr    go to state 190
    relop_term    go to state 71
    relop_factor  go to state 72
    expr          go to state 73
    term          go to state 74
    factor        go to state 75
    var_ref       go to state 76


State 172

   66 stmt: WHILE MK_LPAREN . relop_expr_list MK_RPAREN stmt

    ID         shift, and go to state 65
    CONST      shift, and go to state 66
    OP_NOT     shift, and go to state 67
    OP_MINUS   shift, and go to state 68
    MK_LPAREN  shift, and go to state 69

    $default  reduce using rule 95 (relop_expr_list)

    relop_expr                go to state 129
    relop_term                go to state 71
    relop_factor              go to state 72
    relop_expr_list           go to state 191
    nonempty_relop_expr_list  go to state 131
    expr                      go to state 73
    term                      go to state 74
    factor                    go to state 75
    var_ref                   go to state 76


State 173

   67 stmt: FOR MK_LPAREN . assign_expr_list MK_SEMICOLON relop_expr_list MK_SEMICOLON assign_expr_list MK_RPAREN stmt

    ID         shift, and go to state 192
    CONST      shift, and go to state 66
    OP_NOT     shift, and go to state 67
    OP_MINUS   shift, and go to state 68
    MK_LPAREN  shift, and go to state 69

    $default  reduce using rule 77 (assign_expr_list)

    assign_expr_list           go to state 193
    nonempty_assign_expr_list  go to state 194
    assign_expr                go to state 195
    relop_expr                 go to state 196
    relop_term                 go to state 71
    relop_factor               go to state 72
    expr                       go to state 73
    term                       go to state 74
    factor                     go to state 75
    var_ref                    go to state 76


State 174

   65 stmt: MK_LBRACE block . MK_RBRACE

    MK_RBRACE  shift, and go to state 197


State 175

   74 stmt: RETURN MK_SEMICOLON .

    $default  reduce using rule 74 (stmt)


State 176

   75 stmt: RETURN relop_expr . MK_SEMICOLON
   83 relop_expr: relop_expr . OP_OR relop_term

    OP_OR         shift, and go to state 104
    MK_SEMICOLON  shift, and go to state 198


State 177

    7 function_decl: type ID MK_LPAREN MK_RPAREN MK_LBRACE block MK_RBRACE .

    $default  reduce using rule 7 (function_decl)


State 178

   21 block: decl_list stmt_list .
   63 stmt_list: stmt_list . stmt

    ID            shift, and go to state 179
    CONST         shift, and go to state 66
    IF            shift, and go to state 145
    WHILE         shift, and go to state 146
    FOR           shift, and go to state 147
    OP_NOT        shift, and go to state 67
    OP_MINUS      shift, and go to state 68
    MK_LPAREN     shift, and go to state 69
    MK_LBRACE     shift, and go to state 148
    MK_SEMICOLON  shift, and go to state 149
    RETURN        shift, and go to state 150

    MK_SEMICOLON  [reduce using rule 95 (relop_expr_list)]
    $default      reduce using rule 21 (block)

    stmt                      go to state 180
    relop_expr                go to state 129
    relop_term                go to state 71
    relop_factor              go to state 72
    relop_expr_list           go to state 155
    nonempty_relop_expr_list  go to state 131
    expr                      go to state 73
    term                      go to state 74
    factor                    go to state 75
    var_ref                   go to state 156


State 179

   70 stmt: ID . MK_LPAREN relop_expr_list MK_RPAREN
  112 factor: ID . MK_LPAREN relop_expr_list MK_RPAREN
  118 var_ref: ID .

    MK_LPAREN  shift, and go to state 170

    $default  reduce using rule 118 (var_ref)


State 180

   63 stmt_list: stmt_list stmt .

    $default  reduce using rule 63 (stmt_list)


State 181

   72 stmt: relop_expr_list MK_SEMICOLON .

    $default  reduce using rule 72 (stmt)


State 182

   71 stmt: var_ref OP_ASSIGN . relop_expr MK_SEMICOLON

    ID         shift, and go to state 65
    CONST      shift, and go to state 66
    OP_NOT     shift, and go to state 67
    OP_MINUS   shift, and go to state 68
    MK_LPAREN  shift, and go to state 69

    relop_expr    go to state 199
    relop_term    go to state 71
    relop_factor  go to state 72
    expr          go to state 73
    term          go to state 74
    factor        go to state 75
    var_ref       go to state 76


State 183

    6 function_decl: type ID MK_LPAREN param_list MK_RPAREN MK_LBRACE block . MK_RBRACE

    MK_RBRACE  shift, and go to state 200


State 184

   16 dim_fn: MK_LB expr_null . MK_RB dimfn1

    MK_RB  shift, and go to state 201


State 185

   19 expr_null: expr .
   98 expr: expr . add_op term

    OP_PLUS   shift, and go to state 84
    OP_MINUS  shift, and go to state 85

    $default  reduce using rule 19 (expr_null)

    add_op  go to state 113


State 186

   83 relop_expr: relop_expr . OP_OR relop_term
   96 nonempty_relop_expr_list: nonempty_relop_expr_list MK_COMMA relop_expr .

    OP_OR  shift, and go to state 104

    $default  reduce using rule 96 (nonempty_relop_expr_list)


State 187

  113 factor: OP_NOT ID MK_LPAREN relop_expr_list MK_RPAREN .

    $default  reduce using rule 113 (factor)


State 188

  114 factor: OP_MINUS ID MK_LPAREN relop_expr_list MK_RPAREN .

    $default  reduce using rule 114 (factor)


State 189

   70 stmt: ID MK_LPAREN relop_expr_list . MK_RPAREN
  112 factor: ID MK_LPAREN relop_expr_list . MK_RPAREN

    MK_RPAREN  shift, and go to state 202


State 190

   68 stmt: IF MK_LPAREN relop_expr . MK_RPAREN stmt ELSE stmt
   69     | IF MK_LPAREN relop_expr . MK_RPAREN stmt
   83 relop_expr: relop_expr . OP_OR relop_term

    OP_OR      shift, and go to state 104
    MK_RPAREN  shift, and go to state 203


State 191

   66 stmt: WHILE MK_LPAREN relop_expr_list . MK_RPAREN stmt

    MK_RPAREN  shift, and go to state 204


State 192

   80 assign_expr: ID . OP_ASSIGN relop_expr
  112 factor: ID . MK_LPAREN relop_expr_list MK_RPAREN
  118 var_ref: ID .

    OP_ASSIGN  shift, and go to state 205
    MK_LPAREN  shift, and go to state 94

    $default  reduce using rule 118 (var_ref)


State 193

   67 stmt: FOR MK_LPAREN assign_expr_list . MK_SEMICOLON relop_expr_list MK_SEMICOLON assign_expr_list MK_RPAREN stmt

    MK_SEMICOLON  shift, and go to state 206


State 194

   76 assign_expr_list: nonempty_assign_expr_list .
   78 nonempty_assign_expr_list: nonempty_assign_expr_list . MK_COMMA assign_expr

    MK_COMMA  shift, and go to state 207

    $default  reduce using rule 76 (assign_expr_list)


State 195

   79 nonempty_assign_expr_list: assign_expr .

    $default  reduce using rule 79 (nonempty_assign_expr_list)


State 196

   81 assign_expr: relop_expr .
   83 relop_expr: relop_expr . OP_OR relop_term

    OP_OR  shift, and go to state 104

    $default  reduce using rule 81 (assign_expr)


State 197

   65 stmt: MK_LBRACE block MK_RBRACE .

    $default  reduce using rule 65 (stmt)


State 198

   75 stmt: RETURN relop_expr MK_SEMICOLON .

    $default  reduce using rule 75 (stmt)


State 199

   71 stmt: var_ref OP_ASSIGN relop_expr . MK_SEMICOLON
   83 relop_expr: relop_expr . OP_OR relop_term

    OP_OR         shift, and go to state 104
    MK_SEMICOLON  shift, and go to state 208


State 200

    6 function_decl: type ID MK_LPAREN param_list MK_RPAREN MK_LBRACE block MK_RBRACE .

    $default  reduce using rule 6 (function_decl)


State 201

   16 dim_fn: MK_LB expr_null MK_RB . dimfn1

    MK_LB  shift, and go to state 209

    $default  reduce using rule 18 (dimfn1)

    dimfn1  go to state 210


State 202

   70 stmt: ID MK_LPAREN relop_expr_list MK_RPAREN .
  112 factor: ID MK_LPAREN relop_expr_list MK_RPAREN .

    OP_OR         reduce using rule 112 (factor)
    OP_AND        reduce using rule 112 (factor)
    OP_EQ         reduce using rule 112 (factor)
    OP_NE         reduce using rule 112 (factor)
    OP_GT         reduce using rule 112 (factor)
    OP_LT         reduce using rule 112 (factor)
    OP_GE         reduce using rule 112 (factor)
    OP_LE         reduce using rule 112 (factor)
    OP_PLUS       reduce using rule 112 (factor)
    OP_MINUS      reduce using rule 70 (stmt)
    OP_MINUS      [reduce using rule 112 (factor)]
    OP_TIMES      reduce using rule 112 (factor)
    OP_DIVIDE     reduce using rule 112 (factor)
    MK_COMMA      reduce using rule 112 (factor)
    MK_SEMICOLON  reduce using rule 70 (stmt)
    MK_SEMICOLON  [reduce using rule 112 (factor)]
    $default      reduce using rule 70 (stmt)


State 203

   68 stmt: IF MK_LPAREN relop_expr MK_RPAREN . stmt ELSE stmt
   69     | IF MK_LPAREN relop_expr MK_RPAREN . stmt

    ID            shift, and go to state 179
    CONST         shift, and go to state 66
    IF            shift, and go to state 145
    WHILE         shift, and go to state 146
    FOR           shift, and go to state 147
    OP_NOT        shift, and go to state 67
    OP_MINUS      shift, and go to state 68
    MK_LPAREN     shift, and go to state 69
    MK_LBRACE     shift, and go to state 148
    MK_SEMICOLON  shift, and go to state 149
    RETURN        shift, and go to state 150

    MK_SEMICOLON  [reduce using rule 95 (relop_expr_list)]

    stmt                      go to state 211
    relop_expr                go to state 129
    relop_term                go to state 71
    relop_factor              go to state 72
    relop_expr_list           go to state 155
    nonempty_relop_expr_list  go to state 131
    expr                      go to state 73
    term                      go to state 74
    factor                    go to state 75
    var_ref                   go to state 156


State 204

   66 stmt: WHILE MK_LPAREN relop_expr_list MK_RPAREN . stmt

    ID            shift, and go to state 179
    CONST         shift, and go to state 66
    IF            shift, and go to state 145
    WHILE         shift, and go to state 146
    FOR           shift, and go to state 147
    OP_NOT        shift, and go to state 67
    OP_MINUS      shift, and go to state 68
    MK_LPAREN     shift, and go to state 69
    MK_LBRACE     shift, and go to state 148
    MK_SEMICOLON  shift, and go to state 149
    RETURN        shift, and go to state 150

    MK_SEMICOLON  [reduce using rule 95 (relop_expr_list)]

    stmt                      go to state 212
    relop_expr                go to state 129
    relop_term                go to state 71
    relop_factor              go to state 72
    relop_expr_list           go to state 155
    nonempty_relop_expr_list  go to state 131
    expr                      go to state 73
    term                      go to state 74
    factor                    go to state 75
    var_ref                   go to state 156


State 205

   80 assign_expr: ID OP_ASSIGN . relop_expr

    ID         shift, and go to state 65
    CONST      shift, and go to state 66
    OP_NOT     shift, and go to state 67
    OP_MINUS   shift, and go to state 68
    MK_LPAREN  shift, and go to state 69

    relop_expr    go to state 213
    relop_term    go to state 71
    relop_factor  go to state 72
    expr          go to state 73
    term          go to state 74
    factor        go to state 75
    var_ref       go to state 76


State 206

   67 stmt: FOR MK_LPAREN assign_expr_list MK_SEMICOLON . relop_expr_list MK_SEMICOLON assign_expr_list MK_RPAREN stmt

    ID         shift, and go to state 65
    CONST      shift, and go to state 66
    OP_NOT     shift, and go to state 67
    OP_MINUS   shift, and go to state 68
    MK_LPAREN  shift, and go to state 69

    $default  reduce using rule 95 (relop_expr_list)

    relop_expr                go to state 129
    relop_term                go to state 71
    relop_factor              go to state 72
    relop_expr_list           go to state 214
    nonempty_relop_expr_list  go to state 131
    expr                      go to state 73
    term                      go to state 74
    factor                    go to state 75
    var_ref                   go to state 76


State 207

   78 nonempty_assign_expr_list: nonempty_assign_expr_list MK_COMMA . assign_expr

    ID         shift, and go to state 192
    CONST      shift, and go to state 66
    OP_NOT     shift, and go to state 67
    OP_MINUS   shift, and go to state 68
    MK_LPAREN  shift, and go to state 69

    assign_expr   go to state 215
    relop_expr    go to state 196
    relop_term    go to state 71
    relop_factor  go to state 72
    expr          go to state 73
    term          go to state 74
    factor        go to state 75
    var_ref       go to state 76


State 208

   71 stmt: var_ref OP_ASSIGN relop_expr MK_SEMICOLON .

    $default  reduce using rule 71 (stmt)


State 209

   17 dimfn1: MK_LB . expr MK_RB dimfn1

    ID         shift, and go to state 65
    CONST      shift, and go to state 66
    OP_NOT     shift, and go to state 67
    OP_MINUS   shift, and go to state 68
    MK_LPAREN  shift, and go to state 69

    expr     go to state 216
    term     go to state 74
    factor   go to state 75
    var_ref  go to state 76


State 210

   16 dim_fn: MK_LB expr_null MK_RB dimfn1 .

    $default  reduce using rule 16 (dim_fn)


State 211

   68 stmt: IF MK_LPAREN relop_expr MK_RPAREN stmt . ELSE stmt
   69     | IF MK_LPAREN relop_expr MK_RPAREN stmt .

    ELSE  shift, and go to state 217

    ELSE      [reduce using rule 69 (stmt)]
    $default  reduce using rule 69 (stmt)


State 212

   66 stmt: WHILE MK_LPAREN relop_expr_list MK_RPAREN stmt .

    $default  reduce using rule 66 (stmt)


State 213

   80 assign_expr: ID OP_ASSIGN relop_expr .
   83 relop_expr: relop_expr . OP_OR relop_term

    OP_OR  shift, and go to state 104

    $default  reduce using rule 80 (assign_expr)


State 214

   67 stmt: FOR MK_LPAREN assign_expr_list MK_SEMICOLON relop_expr_list . MK_SEMICOLON assign_expr_list MK_RPAREN stmt

    MK_SEMICOLON  shift, and go to state 218


State 215

   78 nonempty_assign_expr_list: nonempty_assign_expr_list MK_COMMA assign_expr .

    $default  reduce using rule 78 (nonempty_assign_expr_list)


State 216

   17 dimfn1: MK_LB expr . MK_RB dimfn1
   98 expr: expr . add_op term

    OP_PLUS   shift, and go to state 84
    OP_MINUS  shift, and go to state 85
    MK_RB     shift, and go to state 219

    add_op  go to state 113


State 217

   68 stmt: IF MK_LPAREN relop_expr MK_RPAREN stmt ELSE . stmt

    ID            shift, and go to state 179
    CONST         shift, and go to state 66
    IF            shift, and go to state 145
    WHILE         shift, and go to state 146
    FOR           shift, and go to state 147
    OP_NOT        shift, and go to state 67
    OP_MINUS      shift, and go to state 68
    MK_LPAREN     shift, and go to state 69
    MK_LBRACE     shift, and go to state 148
    MK_SEMICOLON  shift, and go to state 149
    RETURN        shift, and go to state 150

    MK_SEMICOLON  [reduce using rule 95 (relop_expr_list)]

    stmt                      go to state 220
    relop_expr                go to state 129
    relop_term                go to state 71
    relop_factor              go to state 72
    relop_expr_list           go to state 155
    nonempty_relop_expr_list  go to state 131
    expr                      go to state 73
    term                      go to state 74
    factor                    go to state 75
    var_ref                   go to state 156


State 218

   67 stmt: FOR MK_LPAREN assign_expr_list MK_SEMICOLON relop_expr_list MK_SEMICOLON . assign_expr_list MK_RPAREN stmt

    ID         shift, and go to state 192
    CONST      shift, and go to state 66
    OP_NOT     shift, and go to state 67
    OP_MINUS   shift, and go to state 68
    MK_LPAREN  shift, and go to state 69

    $default  reduce using rule 77 (assign_expr_list)

    assign_expr_list           go to state 221
    nonempty_assign_expr_list  go to state 194
    assign_expr                go to state 195
    relop_expr                 go to state 196
    relop_term                 go to state 71
    relop_factor               go to state 72
    expr                       go to state 73
    term                       go to state 74
    factor                     go to state 75
    var_ref                    go to state 76


State 219

   17 dimfn1: MK_LB expr MK_RB . dimfn1

    MK_LB  shift, and go to state 209

    $default  reduce using rule 18 (dimfn1)

    dimfn1  go to state 222


State 220

   68 stmt: IF MK_LPAREN relop_expr MK_RPAREN stmt ELSE stmt .

    $default  reduce using rule 68 (stmt)


State 221

   67 stmt: FOR MK_LPAREN assign_expr_list MK_SEMICOLON relop_expr_list MK_SEMICOLON assign_expr_list . MK_RPAREN stmt

    MK_RPAREN  shift, and go to state 223


State 222

   17 dimfn1: MK_LB expr MK_RB dimfn1 .

    $default  reduce using rule 17 (dimfn1)


State 223

   67 stmt: FOR MK_LPAREN assign_expr_list MK_SEMICOLON relop_expr_list MK_SEMICOLON assign_expr_list MK_RPAREN . stmt

    ID            shift, and go to state 179
    CONST         shift, and go to state 66
    IF            shift, and go to state 145
    WHILE         shift, and go to state 146
    FOR           shift, and go to state 147
    OP_NOT        shift, and go to state 67
    OP_MINUS      shift, and go to state 68
    MK_LPAREN     shift, and go to state 69
    MK_LBRACE     shift, and go to state 148
    MK_SEMICOLON  shift, and go to state 149
    RETURN        shift, and go to state 150

    MK_SEMICOLON  [reduce using rule 95 (relop_expr_list)]

    stmt                      go to state 224
    relop_expr                go to state 129
    relop_term                go to state 71
    relop_factor              go to state 72
    relop_expr_list           go to state 155
    nonempty_relop_expr_list  go to state 131
    expr                      go to state 73
    term                      go to state 74
    factor                    go to state 75
    var_ref                   go to state 156


State 224

   67 stmt: FOR MK_LPAREN assign_expr_list MK_SEMICOLON relop_expr_list MK_SEMICOLON assign_expr_list MK_RPAREN stmt .

    $default  reduce using rule 67 (stmt)
